<?xml version="1.0" encoding="UTF-8"?>
<testsuite xmlns:xsi="http://www.w3.org/2001/XMLSchema-instance" xsi:noNamespaceSchemaLocation="https://maven.apache.org/surefire/maven-surefire-plugin/xsd/surefire-test-report.xsd" name="shmup.Vector2Test" time="0.039" tests="7" errors="0" skipped="0" failures="0">
  <properties>
[...]
</properties>
  <testcase name="normalizeTest" classname="shmup.Vector2Test" time="0.001"/>
  <testcase name="addTest" classname="shmup.Vector2Test" time="0"/>
  <testcase name="multiplyScalarTest" classname="shmup.Vector2Test" time="0"/>
  <testcase name="equalsTest" classname="shmup.Vector2Test" time="0"/>
  <testcase name="dotProductTest" classname="shmup.Vector2Test" time="0"/>
  <testcase name="subtractTest" classname="shmup.Vector2Test" time="0"/>
  <testcase name="lengthTest" classname="shmup.Vector2Test" time="0.001"/>
</testsuite>